2022-10-03T17:16:36.302+01:00,INFO,Starting application...
2022-10-04T09:51:01.627+01:00,INFO,Starting application...
2022-10-04T09:51:30.948+01:00,INFO,Starting application...
2022-10-04T09:52:57.333+01:00,INFO,Starting application...
2022-10-04T09:53:19.015+01:00,INFO,Starting application...
2022-10-04T09:53:19.048+01:00,INFO,Collecting Capabilities...
2022-10-04T09:53:19.102+01:00,INFO,Collection of Capabilities is successfull
2022-10-04T09:53:19.102+01:00,INFO,Collecting Capabilities...
2022-10-04T09:53:19.114+01:00,INFO,Collection of Capabilities is successfull
2022-10-04T09:53:19.114+01:00,INFO,Collecting Capabilities...
2022-10-04T09:53:19.126+01:00,INFO,Collection of Capabilities is successfull
2022-10-04T09:53:30.011+01:00,INFO,Starting application...
2022-10-04T09:54:14.698+01:00,INFO,Starting application...
2022-10-04T09:54:32.496+01:00,INFO,Starting application...
2022-10-04T09:54:47.020+01:00,INFO,Starting application...
2022-10-04T09:54:47.051+01:00,INFO,Collecting Capabilities...
2022-10-04T09:54:47.080+01:00,INFO,Collection of Capabilities is successfull
2022-10-04T09:54:47.081+01:00,INFO,Collecting Capabilities...
2022-10-04T09:54:47.091+01:00,INFO,Collection of Capabilities is successfull
2022-10-04T09:54:47.091+01:00,INFO,Collecting info from requested paths (Get operation)...
2022-10-04T09:54:47.153+01:00,CRITICAL,GRPC ERROR Host: clab-01_vmx_xrv_lab_topology-PE2:57400, Error: gNMI get-request: rpc error: code = Internal desc = Can't find a namespace for request (datatree is NULL)
2022-10-04T09:55:02.510+01:00,INFO,Starting application...
2022-10-04T09:55:02.540+01:00,INFO,Collecting Capabilities...
2022-10-04T09:55:02.560+01:00,INFO,Collection of Capabilities is successfull
2022-10-04T09:55:02.560+01:00,INFO,Collecting Capabilities...
2022-10-04T09:55:02.590+01:00,INFO,Collection of Capabilities is successfull
2022-10-04T09:55:02.591+01:00,INFO,Collecting info from requested paths (Get operation)...
2022-10-04T09:55:02.659+01:00,CRITICAL,GRPC ERROR Host: clab-01_vmx_xrv_lab_topology-PE2:57400, Error: gNMI get-request: rpc error: code = Internal desc = Can't find a namespace for request (datatree is NULL)
2022-10-04T09:55:55.427+01:00,INFO,Starting application...
2022-10-04T09:56:41.854+01:00,INFO,Starting application...
2022-10-04T09:56:41.889+01:00,INFO,Collecting Capabilities...
2022-10-04T09:56:41.981+01:00,INFO,Collection of Capabilities is successfull
2022-10-04T09:56:41.981+01:00,INFO,Collecting Capabilities...
2022-10-04T09:56:42.030+01:00,INFO,Collection of Capabilities is successfull
2022-10-04T09:56:42.030+01:00,INFO,Collecting info from requested paths (Get operation)...
2022-10-04T09:57:13.423+01:00,INFO,Starting application...
2022-10-04T09:57:13.449+01:00,INFO,Collecting Capabilities...
2022-10-04T09:57:13.483+01:00,INFO,Collection of Capabilities is successfull
2022-10-04T09:57:13.483+01:00,INFO,Collecting Capabilities...
2022-10-04T09:57:13.505+01:00,INFO,Collection of Capabilities is successfull
2022-10-04T09:57:13.505+01:00,INFO,Collecting info from requested paths (Get operation)...
2022-10-04T10:08:21.705+01:00,INFO,Starting application...
2022-10-04T10:08:21.745+01:00,INFO,Collecting Capabilities...
2022-10-04T10:08:21.863+01:00,INFO,Collection of Capabilities is successfull
2022-10-04T10:08:21.863+01:00,INFO,Collecting Capabilities...
2022-10-04T10:08:21.893+01:00,INFO,Collection of Capabilities is successfull
2022-10-04T10:08:21.893+01:00,INFO,Collecting info from requested paths (Get operation)...
2022-10-04T10:15:16.302+01:00,INFO,Starting application...
2022-10-04T10:15:16.342+01:00,INFO,Collecting Capabilities...
2022-10-04T10:15:16.448+01:00,INFO,Collection of Capabilities is successfull
2022-10-04T10:15:16.448+01:00,INFO,Collecting Capabilities...
2022-10-04T10:15:16.467+01:00,INFO,Collection of Capabilities is successfull
2022-10-04T10:15:16.467+01:00,INFO,Collecting info from requested paths (Get operation)...
2022-10-11T09:48:26.540+01:00,INFO,Starting application...
2022-10-11T09:48:26.560+01:00,INFO,Collecting Capabilities...
2022-10-11T09:48:27.190+01:00,INFO,Collection of Capabilities is successfull
2022-10-11T09:48:27.190+01:00,INFO,Collecting Capabilities...
2022-10-11T09:48:27.656+01:00,INFO,Collection of Capabilities is successfull
2022-10-11T09:48:27.656+01:00,INFO,Collecting info from requested paths (Get operation)...
